2021-04-21 11:34:46 [my-bank-api] info: Connected to MongoDB server
2021-04-21 11:34:46 [my-bank-api] info: API server running at port 3030
2021-04-21 11:34:57 [my-bank-api] info: Connected to MongoDB server
2021-04-21 11:34:57 [my-bank-api] info: API server running at port 3030
2021-04-21 11:35:05 [my-bank-api] info: Connected to MongoDB server
2021-04-21 11:35:05 [my-bank-api] info: API server running at port 3030
2021-04-21 11:35:41 [my-bank-api] info: Connected to MongoDB server
2021-04-21 11:35:41 [my-bank-api] info: API server running at port 3030
2021-04-21 11:35:46 [my-bank-api] info: Connected to MongoDB server
2021-04-21 11:35:46 [my-bank-api] info: API server running at port 3030
2021-04-21 11:36:19 [my-bank-api] info: Connected to MongoDB server
2021-04-21 11:36:19 [my-bank-api] info: API server running at port 3030
2021-04-21 11:36:32 [my-bank-api] info: Connected to MongoDB server
2021-04-21 11:36:32 [my-bank-api] info: API server running at port 3030
2021-04-21 11:36:33 [my-bank-api] info: Connected to MongoDB server
2021-04-21 11:36:33 [my-bank-api] info: API server running at port 3030
2021-04-21 11:36:42 [my-bank-api] info: Connected to MongoDB server
2021-04-21 11:36:42 [my-bank-api] info: API server running at port 3030
2021-04-21 11:37:49 [my-bank-api] info: Connected to MongoDB server
2021-04-21 11:37:49 [my-bank-api] info: API server running at port 3030
2021-04-21 11:38:00 [my-bank-api] info: Connected to MongoDB server
2021-04-21 11:38:00 [my-bank-api] info: API server running at port 3030
2021-04-21 11:38:03 [my-bank-api] info: Connected to MongoDB server
2021-04-21 11:38:03 [my-bank-api] info: API server running at port 3030
2021-04-21 11:38:10 [my-bank-api] info: Connected to MongoDB server
2021-04-21 11:38:10 [my-bank-api] info: API server running at port 3030
2021-04-21 11:38:40 [my-bank-api] info: Connected to MongoDB server
2021-04-21 11:38:40 [my-bank-api] info: API server running at port 3030
2021-04-21 11:39:03 [my-bank-api] info: Connected to MongoDB server
2021-04-21 11:39:03 [my-bank-api] info: API server running at port 3030
2021-04-21 11:39:08 [my-bank-api] info: Connected to MongoDB server
2021-04-21 11:39:08 [my-bank-api] info: API server running at port 3030
2021-04-21 11:39:10 [my-bank-api] info: Connected to MongoDB server
2021-04-21 11:39:10 [my-bank-api] info: API server running at port 3030
2021-04-21 11:41:14 [my-bank-api] info: Connected to MongoDB server
2021-04-21 11:41:14 [my-bank-api] info: API server running at port 3030
2021-04-21 11:42:30 [my-bank-api] info: Connected to MongoDB server
2021-04-21 11:42:30 [my-bank-api] info: API server running at port 3030
2021-04-21 11:42:40 [my-bank-api] info: Connected to MongoDB server
2021-04-21 11:42:40 [my-bank-api] info: API server running at port 3030
2021-04-21 11:42:45 [my-bank-api] info: Connected to MongoDB server
2021-04-21 11:42:45 [my-bank-api] info: API server running at port 3030
2021-04-21 11:44:18 [my-bank-api] info: Connected to MongoDB server
2021-04-21 11:44:18 [my-bank-api] info: API server running at port 3030
2021-04-21 13:09:37 [my-bank-api] info: Connected to MongoDB server
2021-04-21 13:09:37 [my-bank-api] info: API server running at port 3030
2021-04-21 13:09:59 [my-bank-api] info: Connected to MongoDB server
2021-04-21 13:09:59 [my-bank-api] info: API server running at port 3030
2021-04-21 13:10:09 [my-bank-api] info: Connected to MongoDB server
2021-04-21 13:10:09 [my-bank-api] info: API server running at port 3030
2021-04-21 13:10:12 [my-bank-api] info: Connected to MongoDB server
2021-04-21 13:10:12 [my-bank-api] info: API server running at port 3030
2021-04-21 13:11:17 [my-bank-api] info: Connected to MongoDB server
2021-04-21 13:11:17 [my-bank-api] info: API server running at port 3030
2021-04-21 13:11:24 [my-bank-api] info: Connected to MongoDB server
2021-04-21 13:11:24 [my-bank-api] info: API server running at port 3030
2021-04-21 13:13:41 [my-bank-api] info: Connected to MongoDB server
2021-04-21 13:13:41 [my-bank-api] info: API server running at port 3030
2021-04-21 13:14:13 [my-bank-api] info: Connected to MongoDB server
2021-04-21 13:14:13 [my-bank-api] info: API server running at port 3030
2021-04-21 13:14:18 [my-bank-api] info: Connected to MongoDB server
2021-04-21 13:14:18 [my-bank-api] info: API server running at port 3030
2021-04-21 13:14:44 [my-bank-api] info: Connected to MongoDB server
2021-04-21 13:14:44 [my-bank-api] info: API server running at port 3030
2021-04-21 13:15:01 [my-bank-api] info: Connected to MongoDB server
2021-04-21 13:15:01 [my-bank-api] info: API server running at port 3030
2021-04-21 13:15:05 [my-bank-api] info: Connected to MongoDB server
2021-04-21 13:15:05 [my-bank-api] info: API server running at port 3030
2021-04-21 13:15:45 [my-bank-api] error:  PATCH  - O campo undefined é obrigatório.
2021-04-21 13:15:51 [my-bank-api] info: Connected to MongoDB server
2021-04-21 13:15:51 [my-bank-api] info: API server running at port 3030
2021-04-21 13:16:03 [my-bank-api] info: Connected to MongoDB server
2021-04-21 13:16:03 [my-bank-api] info: API server running at port 3030
2021-04-21 13:16:04 [my-bank-api] error:  PATCH  - O campo Agência é obrigatório.
2021-04-21 13:16:46 [my-bank-api] info: Connected to MongoDB server
2021-04-21 13:16:46 [my-bank-api] info: API server running at port 3030
2021-04-21 13:16:47 [my-bank-api] info: Connected to MongoDB server
2021-04-21 13:16:47 [my-bank-api] info: API server running at port 3030
2021-04-21 13:17:14 [my-bank-api] info: Connected to MongoDB server
2021-04-21 13:17:14 [my-bank-api] info: API server running at port 3030
2021-04-21 13:17:19 [my-bank-api] info: Connected to MongoDB server
2021-04-21 13:17:19 [my-bank-api] info: API server running at port 3030
2021-04-21 13:17:42 [my-bank-api] info: Connected to MongoDB server
2021-04-21 13:17:42 [my-bank-api] info: API server running at port 3030
2021-04-21 13:18:03 [my-bank-api] error:  PATCH  - O campo Agência é obrigatório.
2021-04-21 13:18:31 [my-bank-api] info: Connected to MongoDB server
2021-04-21 13:18:31 [my-bank-api] info: API server running at port 3030
2021-04-21 13:18:52 [my-bank-api] info: Connected to MongoDB server
2021-04-21 13:18:52 [my-bank-api] info: API server running at port 3030
2021-04-21 13:21:21 [my-bank-api] info: Connected to MongoDB server
2021-04-21 13:21:21 [my-bank-api] info: API server running at port 3030
2021-04-21 13:21:27 [my-bank-api] info: Connected to MongoDB server
2021-04-21 13:21:27 [my-bank-api] info: API server running at port 3030
2021-04-21 13:21:37 [my-bank-api] info: Connected to MongoDB server
2021-04-21 13:21:37 [my-bank-api] info: API server running at port 3030
2021-04-21 13:22:00 [my-bank-api] error:  PATCH  - O campo Agência é obrigatório.
2021-04-21 13:22:04 [my-bank-api] error:  PATCH  - O campo Valor é obrigatório.
2021-04-21 13:22:16 [my-bank-api] error:  PATCH  - O campo Valor é obrigatório.
2021-04-21 13:22:21 [my-bank-api] error:  PATCH  - O campo Valor é obrigatório.
2021-04-21 13:22:53 [my-bank-api] info: Connected to MongoDB server
2021-04-21 13:22:53 [my-bank-api] info: API server running at port 3030
2021-04-21 13:22:53 [my-bank-api] error:  PATCH  - O campo Valor é obrigatório.
2021-04-21 13:23:15 [my-bank-api] info: Connected to MongoDB server
2021-04-21 13:23:15 [my-bank-api] info: API server running at port 3030
2021-04-21 13:23:15 [my-bank-api] error:  PATCH  - O campo Valor é obrigatório.
2021-04-21 13:23:24 [my-bank-api] info: Connected to MongoDB server
2021-04-21 13:23:24 [my-bank-api] info: API server running at port 3030
2021-04-21 13:23:55 [my-bank-api] info: Connected to MongoDB server
2021-04-21 13:23:55 [my-bank-api] info: API server running at port 3030
2021-04-21 13:24:09 [my-bank-api] info: Connected to MongoDB server
2021-04-21 13:24:09 [my-bank-api] info: API server running at port 3030
2021-04-21 13:24:49 [my-bank-api] info: Connected to MongoDB server
2021-04-21 13:24:49 [my-bank-api] info: API server running at port 3030
2021-04-21 13:24:50 [my-bank-api] error:  PATCH  - O campo Valor é obrigatório.
2021-04-21 13:26:10 [my-bank-api] error:  PATCH  - O campo Valor é obrigatório.
2021-04-21 13:26:27 [my-bank-api] info: Connected to MongoDB server
2021-04-21 13:26:27 [my-bank-api] info: API server running at port 3030
2021-04-21 13:26:27 [my-bank-api] error:  PATCH  - O campo Valor é obrigatório.
2021-04-21 13:31:05 [my-bank-api] info: Connected to MongoDB server
2021-04-21 13:31:05 [my-bank-api] info: API server running at port 3030
2021-04-21 13:33:13 [my-bank-api] info: Connected to MongoDB server
2021-04-21 13:33:13 [my-bank-api] info: API server running at port 3030
2021-04-21 13:43:44 [my-bank-api] error:  PATCH  - O valor depositado tem que ser maior que 0.
2021-04-21 13:43:57 [my-bank-api] info: Connected to MongoDB server
2021-04-21 13:43:57 [my-bank-api] info: API server running at port 3030
2021-04-21 13:44:08 [my-bank-api] info: Connected to MongoDB server
2021-04-21 13:44:08 [my-bank-api] info: API server running at port 3030
2021-04-21 13:44:09 [my-bank-api] error:  PATCH  - O valor a ser depositado precisa ser positivo.
2021-04-21 13:44:18 [my-bank-api] info: Connected to MongoDB server
2021-04-21 13:44:18 [my-bank-api] info: API server running at port 3030
2021-04-21 13:44:27 [my-bank-api] info: Connected to MongoDB server
2021-04-21 13:44:27 [my-bank-api] info: API server running at port 3030
2021-04-21 13:44:47 [my-bank-api] info: Connected to MongoDB server
2021-04-21 13:44:47 [my-bank-api] info: API server running at port 3030
2021-04-21 13:45:21 [my-bank-api] info: Connected to MongoDB server
2021-04-21 13:45:21 [my-bank-api] info: API server running at port 3030
2021-04-21 13:45:26 [my-bank-api] info: Connected to MongoDB server
2021-04-21 13:45:26 [my-bank-api] info: API server running at port 3030
2021-04-21 13:45:29 [my-bank-api] info: Connected to MongoDB server
2021-04-21 13:45:29 [my-bank-api] info: API server running at port 3030
2021-04-21 13:46:34 [my-bank-api] info: Connected to MongoDB server
2021-04-21 13:46:34 [my-bank-api] info: API server running at port 3030
2021-04-21 13:46:36 [my-bank-api] info: Connected to MongoDB server
2021-04-21 13:46:36 [my-bank-api] info: API server running at port 3030
2021-04-21 13:47:32 [my-bank-api] info: Connected to MongoDB server
2021-04-21 13:47:32 [my-bank-api] info: API server running at port 3030
2021-04-21 13:48:03 [my-bank-api] info: Connected to MongoDB server
2021-04-21 13:48:03 [my-bank-api] info: API server running at port 3030
2021-04-21 13:48:31 [my-bank-api] info: Connected to MongoDB server
2021-04-21 13:48:31 [my-bank-api] info: API server running at port 3030
2021-04-21 13:48:36 [my-bank-api] info: Connected to MongoDB server
2021-04-21 13:48:36 [my-bank-api] info: API server running at port 3030
2021-04-21 13:48:51 [my-bank-api] info: Connected to MongoDB server
2021-04-21 13:48:51 [my-bank-api] info: API server running at port 3030
2021-04-21 13:49:23 [my-bank-api] info: Connected to MongoDB server
2021-04-21 13:49:23 [my-bank-api] info: API server running at port 3030
2021-04-21 13:50:09 [my-bank-api] info: Connected to MongoDB server
2021-04-21 13:50:09 [my-bank-api] info: API server running at port 3030
2021-04-21 13:51:06 [my-bank-api] info: Connected to MongoDB server
2021-04-21 13:51:06 [my-bank-api] info: API server running at port 3030
2021-04-21 13:51:28 [my-bank-api] info: Connected to MongoDB server
2021-04-21 13:51:28 [my-bank-api] info: API server running at port 3030
2021-04-21 13:51:32 [my-bank-api] info: Connected to MongoDB server
2021-04-21 13:51:32 [my-bank-api] info: API server running at port 3030
2021-04-21 13:52:11 [my-bank-api] info: Connected to MongoDB server
2021-04-21 13:52:11 [my-bank-api] info: API server running at port 3030
2021-04-21 13:52:47 [my-bank-api] info: Connected to MongoDB server
2021-04-21 13:52:47 [my-bank-api] info: API server running at port 3030
2021-04-21 13:52:50 [my-bank-api] info: Connected to MongoDB server
2021-04-21 13:52:50 [my-bank-api] info: API server running at port 3030
2021-04-21 13:52:51 [my-bank-api] error:  PATCH  - Cannot read property 'find' of null
2021-04-21 13:53:05 [my-bank-api] info: Connected to MongoDB server
2021-04-21 13:53:05 [my-bank-api] info: API server running at port 3030
2021-04-21 13:53:05 [my-bank-api] error:  PATCH  - Converting circular structure to JSON
    --> starting at object with constructor 'NativeTopology'
    |     property 's' -> object with constructor 'Object'
    |     property 'sessionPool' -> object with constructor 'ServerSessionPool'
    --- property 'topology' closes the circle
2021-04-21 13:54:19 [my-bank-api] info: Connected to MongoDB server
2021-04-21 13:54:19 [my-bank-api] info: API server running at port 3030
2021-04-21 13:54:34 [my-bank-api] info: Connected to MongoDB server
2021-04-21 13:54:34 [my-bank-api] info: API server running at port 3030
2021-04-21 13:54:48 [my-bank-api] info: Connected to MongoDB server
2021-04-21 13:54:48 [my-bank-api] info: API server running at port 3030
2021-04-21 13:55:09 [my-bank-api] info: Connected to MongoDB server
2021-04-21 13:55:09 [my-bank-api] info: API server running at port 3030
2021-04-21 13:56:21 [my-bank-api] info: Connected to MongoDB server
2021-04-21 13:56:21 [my-bank-api] info: API server running at port 3030
2021-04-21 13:57:31 [my-bank-api] info: Connected to MongoDB server
2021-04-21 13:57:31 [my-bank-api] info: API server running at port 3030
2021-04-21 13:57:42 [my-bank-api] error:  PATCH  - Conta para depósito inexistente.
2021-04-21 13:58:07 [my-bank-api] info: Connected to MongoDB server
2021-04-21 13:58:07 [my-bank-api] info: API server running at port 3030
2021-04-21 13:58:23 [my-bank-api] info: Connected to MongoDB server
2021-04-21 13:58:23 [my-bank-api] info: API server running at port 3030
2021-04-21 14:02:21 [my-bank-api] info: Connected to MongoDB server
2021-04-21 14:02:21 [my-bank-api] info: API server running at port 3030
2021-04-21 14:02:43 [my-bank-api] info: Connected to MongoDB server
2021-04-21 14:02:43 [my-bank-api] info: API server running at port 3030
2021-04-21 14:03:25 [my-bank-api] error:  PATCH  - studentModel is not defined
2021-04-21 14:03:36 [my-bank-api] info: Connected to MongoDB server
2021-04-21 14:03:36 [my-bank-api] info: API server running at port 3030
2021-04-21 14:03:36 [my-bank-api] error:  PATCH  - balance is not defined
2021-04-21 14:03:52 [my-bank-api] info: Connected to MongoDB server
2021-04-21 14:03:52 [my-bank-api] info: API server running at port 3030
2021-04-21 14:07:04 [my-bank-api] info: Connected to MongoDB server
2021-04-21 14:07:04 [my-bank-api] info: API server running at port 3030
2021-04-21 14:07:57 [my-bank-api] info: Connected to MongoDB server
2021-04-21 14:07:57 [my-bank-api] info: API server running at port 3030
2021-04-21 14:08:42 [my-bank-api] info: Connected to MongoDB server
2021-04-21 14:08:42 [my-bank-api] info: API server running at port 3030
2021-04-21 14:09:37 [my-bank-api] info: Connected to MongoDB server
2021-04-21 14:09:37 [my-bank-api] info: API server running at port 3030
2021-04-21 14:10:12 [my-bank-api] info: Connected to MongoDB server
2021-04-21 14:10:12 [my-bank-api] info: API server running at port 3030
2021-04-21 14:10:25 [my-bank-api] info: Connected to MongoDB server
2021-04-21 14:10:25 [my-bank-api] info: API server running at port 3030
2021-04-21 14:10:28 [my-bank-api] info: Connected to MongoDB server
2021-04-21 14:10:28 [my-bank-api] info: API server running at port 3030
2021-04-21 14:10:41 [my-bank-api] info: Connected to MongoDB server
2021-04-21 14:10:41 [my-bank-api] info: API server running at port 3030
2021-04-21 14:11:10 [my-bank-api] info: Connected to MongoDB server
2021-04-21 14:11:10 [my-bank-api] info: API server running at port 3030
2021-04-21 14:11:14 [my-bank-api] error:  PATCH  - accounts is not defined
2021-04-21 14:11:25 [my-bank-api] info: Connected to MongoDB server
2021-04-21 14:11:25 [my-bank-api] info: API server running at port 3030
2021-04-21 14:11:26 [my-bank-api] error:  PATCH  - Agência/conta inválida.
2021-04-21 14:11:28 [my-bank-api] error:  PATCH  - Agência/conta inválida.
2021-04-21 14:11:43 [my-bank-api] info: Connected to MongoDB server
2021-04-21 14:11:43 [my-bank-api] info: API server running at port 3030
2021-04-21 14:11:48 [my-bank-api] error:  PATCH  - Agência/conta inválida.
2021-04-21 14:12:45 [my-bank-api] info: Connected to MongoDB server
2021-04-21 14:12:45 [my-bank-api] info: API server running at port 3030
2021-04-21 14:12:51 [my-bank-api] info: Connected to MongoDB server
2021-04-21 14:12:51 [my-bank-api] info: API server running at port 3030
2021-04-21 14:13:24 [my-bank-api] info: Connected to MongoDB server
2021-04-21 14:13:24 [my-bank-api] info: API server running at port 3030
2021-04-21 14:13:39 [my-bank-api] info: Connected to MongoDB server
2021-04-21 14:13:39 [my-bank-api] info: API server running at port 3030
2021-04-21 14:14:08 [my-bank-api] info: Connected to MongoDB server
2021-04-21 14:14:08 [my-bank-api] info: API server running at port 3030
2021-04-21 14:14:20 [my-bank-api] info: Connected to MongoDB server
2021-04-21 14:14:20 [my-bank-api] info: API server running at port 3030
2021-04-21 14:14:35 [my-bank-api] info: Connected to MongoDB server
2021-04-21 14:14:35 [my-bank-api] info: API server running at port 3030
2021-04-21 14:14:45 [my-bank-api] info: Connected to MongoDB server
2021-04-21 14:14:45 [my-bank-api] info: API server running at port 3030
2021-04-21 14:14:48 [my-bank-api] info: Connected to MongoDB server
2021-04-21 14:14:48 [my-bank-api] info: API server running at port 3030
2021-04-21 14:16:27 [my-bank-api] info: Connected to MongoDB server
2021-04-21 14:16:27 [my-bank-api] info: API server running at port 3030
2021-04-21 14:16:29 [my-bank-api] info: Connected to MongoDB server
2021-04-21 14:16:29 [my-bank-api] info: API server running at port 3030
2021-04-21 14:17:33 [my-bank-api] info: Connected to MongoDB server
2021-04-21 14:17:33 [my-bank-api] info: API server running at port 3030
2021-04-21 14:17:39 [my-bank-api] info: Connected to MongoDB server
2021-04-21 14:17:39 [my-bank-api] info: API server running at port 3030
2021-04-21 14:19:48 [my-bank-api] info: Connected to MongoDB server
2021-04-21 14:19:48 [my-bank-api] info: API server running at port 3030
2021-04-21 14:20:04 [my-bank-api] info: Connected to MongoDB server
2021-04-21 14:20:04 [my-bank-api] info: API server running at port 3030
2021-04-21 14:20:07 [my-bank-api] info: Connected to MongoDB server
2021-04-21 14:20:07 [my-bank-api] info: API server running at port 3030
2021-04-21 14:22:34 [my-bank-api] info: Connected to MongoDB server
2021-04-21 14:22:34 [my-bank-api] info: API server running at port 3030
2021-04-21 14:24:08 [my-bank-api] info: Connected to MongoDB server
2021-04-21 14:24:08 [my-bank-api] info: API server running at port 3030
2021-04-21 14:24:21 [my-bank-api] info: Connected to MongoDB server
2021-04-21 14:24:21 [my-bank-api] info: API server running at port 3030
2021-04-21 14:24:36 [my-bank-api] info: Connected to MongoDB server
2021-04-21 14:24:36 [my-bank-api] info: API server running at port 3030
2021-04-21 14:24:53 [my-bank-api] info: Connected to MongoDB server
2021-04-21 14:24:53 [my-bank-api] info: API server running at port 3030
2021-04-21 14:25:05 [my-bank-api] info: Connected to MongoDB server
2021-04-21 14:25:05 [my-bank-api] info: API server running at port 3030
2021-04-21 14:25:15 [my-bank-api] info: Connected to MongoDB server
2021-04-21 14:25:15 [my-bank-api] info: API server running at port 3030
2021-04-21 14:25:55 [my-bank-api] info: Connected to MongoDB server
2021-04-21 14:25:55 [my-bank-api] info: API server running at port 3030
2021-04-21 14:26:02 [my-bank-api] info: Connected to MongoDB server
2021-04-21 14:26:02 [my-bank-api] info: API server running at port 3030
2021-04-21 14:27:21 [my-bank-api] info: Connected to MongoDB server
2021-04-21 14:27:21 [my-bank-api] info: API server running at port 3030
2021-04-21 14:29:11 [my-bank-api] info: Connected to MongoDB server
2021-04-21 14:29:11 [my-bank-api] info: API server running at port 3030
2021-04-21 14:29:31 [my-bank-api] info: Connected to MongoDB server
2021-04-21 14:29:31 [my-bank-api] info: API server running at port 3030
2021-04-21 14:30:41 [my-bank-api] error:  PATCH  - Assignment to constant variable.
2021-04-21 14:30:55 [my-bank-api] info: Connected to MongoDB server
2021-04-21 14:30:55 [my-bank-api] info: API server running at port 3030
2021-04-21 14:31:57 [my-bank-api] info: Connected to MongoDB server
2021-04-21 14:31:57 [my-bank-api] info: API server running at port 3030
2021-04-21 14:32:34 [my-bank-api] info: Connected to MongoDB server
2021-04-21 14:32:34 [my-bank-api] info: API server running at port 3030
2021-04-21 14:32:36 [my-bank-api] error:  PATCH  - Operação inválida.
2021-04-21 14:32:48 [my-bank-api] info: Connected to MongoDB server
2021-04-21 14:32:48 [my-bank-api] info: API server running at port 3030
2021-04-21 14:32:51 [my-bank-api] info: Connected to MongoDB server
2021-04-21 14:32:51 [my-bank-api] info: API server running at port 3030
2021-04-21 14:33:00 [my-bank-api] info: Connected to MongoDB server
2021-04-21 14:33:00 [my-bank-api] info: API server running at port 3030
2021-04-21 14:34:54 [my-bank-api] info: Connected to MongoDB server
2021-04-21 14:34:54 [my-bank-api] info: API server running at port 3030
2021-04-21 14:35:08 [my-bank-api] info: Connected to MongoDB server
2021-04-21 14:35:08 [my-bank-api] info: API server running at port 3030
2021-04-21 14:35:10 [my-bank-api] info: Connected to MongoDB server
2021-04-21 14:35:10 [my-bank-api] info: API server running at port 3030
2021-04-21 14:35:26 [my-bank-api] info: Connected to MongoDB server
2021-04-21 14:35:26 [my-bank-api] info: API server running at port 3030
2021-04-21 14:36:55 [my-bank-api] info: Connected to MongoDB server
2021-04-21 14:36:55 [my-bank-api] info: API server running at port 3030
2021-04-21 14:37:04 [my-bank-api] info: Connected to MongoDB server
2021-04-21 14:37:04 [my-bank-api] info: API server running at port 3030
2021-04-21 14:37:08 [my-bank-api] info: PATCH /account/withdraw - {"_id":"60802c4e6e6d9a3a0ca8e757","agencia":10,"conta":1001,"name":"Maria Roberta Fernandes","balance":-2000,"lastModified":"2021-04-21T17:37:08.989Z"}
2021-04-21 14:38:07 [my-bank-api] info: Connected to MongoDB server
2021-04-21 14:38:07 [my-bank-api] info: API server running at port 3030
2021-04-21 14:38:15 [my-bank-api] info: Connected to MongoDB server
2021-04-21 14:38:15 [my-bank-api] info: API server running at port 3030
2021-04-21 14:38:19 [my-bank-api] info: Connected to MongoDB server
2021-04-21 14:38:19 [my-bank-api] info: API server running at port 3030
2021-04-21 14:38:26 [my-bank-api] info: Connected to MongoDB server
2021-04-21 14:38:26 [my-bank-api] info: API server running at port 3030
2021-04-21 14:38:29 [my-bank-api] info: Connected to MongoDB server
2021-04-21 14:38:29 [my-bank-api] info: API server running at port 3030
