2021-03-23 17:58:04 [my-bank-api] info: API Started and file created!
2021-03-23 18:00:31 [my-bank-api] error:  POST /account - ENOENT: no such file or directory, open 'C:\dev\igti\igti-bootcamp-fullstack-developer\module2\my-bank-api\accounts.json'
2021-03-23 18:03:06 [my-bank-api] info: API Started and file created!
2021-03-23 18:07:42 [my-bank-api] info: POST /account - {"id":1,"name":"Raphael Rabadan","balance":142232.15}
2021-03-23 18:08:05 [my-bank-api] info: GET /account
2021-03-23 18:08:13 [my-bank-api] info: GET /account:id
2021-03-23 18:09:11 [my-bank-api] info: PUT /account - {"id":1,"name":"Lara","balance":111.111}
2021-03-23 18:09:27 [my-bank-api] info: PATCH /account - {"id":1,"balance":99999}
2021-03-23 18:10:43 [my-bank-api] info: PATCH /account/updateBalance - {"id":1,"balance":99999}
2021-03-23 20:38:45 [my-bank-api] error:  POST /account - Cannot access 'data' before initialization
2021-03-23 20:39:30 [my-bank-api] info: POST /account - {"id":2,"name":"Raphael Rabadan","balance":142232.15}
2021-03-23 20:39:45 [my-bank-api] info: POST /account - {"id":3,"name":"Raphael Rabadan","balance":142232.15}
2021-03-23 20:41:36 [my-bank-api] info: PUT /account - {"id":1,"name":"Lara","balance":111.111}
2021-03-23 20:41:41 [my-bank-api] error:  PUT /account - Registro não encontrado.
2021-03-23 20:42:02 [my-bank-api] info: PUT /account - {"id":1,"name":"Lara","balance":111.111,"asad":"asdasd"}
2021-03-23 20:45:05 [my-bank-api] info: PUT /account - {"id":1,"name":"Laraaa","balance":1112.2111,"asad":"asdasd"}
2021-03-23 20:46:10 [my-bank-api] info: PUT /account - {"id":1,"name":"Laraaa","balance":1112.2111,"asad":"asdasd"}
2021-03-23 20:48:00 [my-bank-api] error:  PUT /account - Registro não encontrado.
2021-03-23 20:48:06 [my-bank-api] error:  PATCH /account - Registro não encontrado.
2021-03-23 20:48:15 [my-bank-api] error:  PATCH /account - Registro não encontrado.
2021-03-23 20:48:32 [my-bank-api] error:  PATCH /account - ID e Balance são obrigatórios.
2021-03-23 20:48:40 [my-bank-api] error:  PATCH /account - Registro não encontrado.
2021-03-23 20:48:55 [my-bank-api] error:  PATCH /account - ID e Balance são obrigatórios.
2021-03-23 20:49:03 [my-bank-api] error:  PATCH /account - Registro não encontrado.
2021-03-23 20:49:13 [my-bank-api] info: PATCH /account/updateBalance - {"id":"1","balance":99999}
2021-03-23 20:49:21 [my-bank-api] info: PATCH /account/updateBalance - {"id":"1","balance":99988899}
2021-03-23 20:50:00 [my-bank-api] error:  PUT /account - account.balance.trim is not a function
2021-03-23 20:50:19 [my-bank-api] error:  PATCH /account - account.id.trim is not a function
2021-03-23 20:50:44 [my-bank-api] info: PATCH /account/updateBalance - {"id":"1","balance":99988899}
2021-03-23 20:50:44 [my-bank-api] info: PATCH /account/updateBalance - {"id":"1","balance":99988899}
2021-03-23 20:59:06 [my-bank-api] info: GET /account
2021-03-23 21:04:18 [my-bank-api] info: GET /account
2021-03-23 21:55:52 [my-bank-api] info: API Started!
2021-03-23 21:57:14 [my-bank-api] info: API Started!
2021-03-23 21:57:26 [my-bank-api] info: GET /account
2021-03-23 21:59:03 [my-bank-api] info: API Started!
2021-03-23 21:59:29 [my-bank-api] info: API Started!
2021-03-23 21:59:42 [my-bank-api] info: API Started!
2021-03-23 22:00:43 [my-bank-api] info: API Started!
2021-03-23 22:00:52 [my-bank-api] info: API Started!
2021-03-23 22:00:59 [my-bank-api] info: GET /account
2021-03-23 22:01:01 [my-bank-api] info: GET /account
2021-03-23 22:01:09 [my-bank-api] info: API Started!
2021-03-23 22:01:14 [my-bank-api] info: GET /account
2021-03-23 22:01:20 [my-bank-api] info: API Started!
2021-03-23 22:01:22 [my-bank-api] info: API Started!
2021-03-23 22:01:26 [my-bank-api] info: API Started!
2021-03-23 22:01:38 [my-bank-api] info: API Started!
2021-03-23 22:01:40 [my-bank-api] info: GET /account
2021-03-23 22:01:43 [my-bank-api] info: GET /account
2021-03-23 22:01:48 [my-bank-api] info: API Started!
2021-03-23 22:01:53 [my-bank-api] info: API Started!
2021-03-23 22:01:55 [my-bank-api] info: GET /account
2021-03-23 22:02:01 [my-bank-api] info: GET /account
2021-03-23 22:02:03 [my-bank-api] info: GET /account
2021-03-23 22:02:04 [my-bank-api] info: GET /account
2021-03-23 22:02:37 [my-bank-api] info: API Started!
2021-03-23 22:02:56 [my-bank-api] info: API Started!
2021-03-23 22:03:02 [my-bank-api] info: API Started!
2021-03-23 22:03:08 [my-bank-api] info: API Started!
2021-03-23 22:03:13 [my-bank-api] info: API Started!
2021-03-23 22:03:17 [my-bank-api] info: GET /account
2021-03-23 22:03:59 [my-bank-api] info: GET /account:id
2021-03-23 22:05:03 [my-bank-api] info: GET /account:id
2021-03-23 22:05:03 [my-bank-api] info: GET /account
2021-03-23 22:05:21 [my-bank-api] info: GET /account
2021-03-23 22:05:21 [my-bank-api] info: GET /account:id
2021-03-23 22:06:27 [my-bank-api] info: API Started!
2021-03-23 22:06:32 [my-bank-api] info: GET /account
2021-03-23 22:06:32 [my-bank-api] info: GET /account:id
2021-03-23 22:06:59 [my-bank-api] info: API Started!
2021-03-23 23:06:42 [my-bank-api] info: API Started!
2021-03-23 23:07:16 [my-bank-api] info: API Started!
2021-03-23 23:11:28 [my-bank-api] info: API Started!
2021-03-23 23:12:36 [my-bank-api] info: GET /account
2021-03-23 23:13:23 [my-bank-api] info: POST /account - {"id":4,"name":"Testando 123","balance":9999}
2021-03-29 14:31:09 [my-bank-api] info: API Started!
